"File: HT66F2390_uart_sample.c  Assembler  Version HGASM0202      Page 1


   1  0000              ; Generated by holtek-gcc v3.19, Thu Sep 08 09:48:53 2022
   2  0000              ; 
   3  0000              ; Configuration:
   4  0000              ;       with long instruction
   5  0000              ;       Multi-ROM, Multi-RAM
   6  0000              ;       bits_per_rom_unit:16
   7  0000              ;       with mp1
   8  0000              ;       with tbhp, address(0x9)
   9  0000              ;          Use tabrd-const
  10  0000              ;       
  11  0000              ; SFR address of long-instruction arch:
  12  0000              ;    mp0 = -1,1,0
  13  0000              ;    mp1 = 4,3,2
  14  0000              ;    mp2 = 14,13,12
  15  0000              ;    tbp = 9,7,8
  16  0000              ;    acc = 5
  17  0000              ;    pcl = 6
  18  0000              ;    status = 10
  19  0000              ;    bp = 11
  20  0000              ;    intc = 16
  21  0000              ;       
  22  0000              ;       
  23  0000              ; use 'tabrdc' instead of 'tabrd'
  24  0000              ;       
  25  0000              
  26  0000              #pragma translator "holtek-gcc 4.6.4" "3.19" "build 20130711"
  27  0000              ; Rebuild 718
  28  0000              
  29  0000              ir equ [2]
  30  0000              mp equ [3]
  31  0000              sbp equ [4]
  32  0000              acc equ [5]
  33  0000              bp equ [11]
  34  0000              tblp equ [7]
  35  0000              tbhp equ [9]
  36  0000              status equ [10]
  37  0000              c equ [10].0
  38  0000              ac equ [10].1
  39  0000              z equ [10].2
  40  0000              ov equ [10].3
  41  0000              cz equ [10].6
  42  0000              sc equ [10].7
  43  0000              intc equ [16]
  44  0000              mduwr0 equ [59h]
  45  0000              mduwr1 equ [5ah]
  46  0000              mduwr2 equ [5bh]
  47  0000              mduwr3 equ [5ch]
  48  0000              mduwr4 equ [5dh]
  49  0000              mduwr5 equ [5eh]
  50  0000              mduwrctrl equ [5fh]
  51  0000              
  52  0000              extern ra:byte
  53  0000              extern rb:byte
  54  0000              extern rc:byte
  55  0000              extern rd:byte
  56  0000              extern re:byte
  57  0000              extern rf:byte
  58  0000              extern rg:byte
  59  0000              extern rh:byte
"File: HT66F2390_uart_sample.ASM  Assembler  Version HGASM0202      Page 2

  60  0000              extern _Crom2Prom:near
  61  0000              extern _Crom2PromNext:near
  62  0000              
  63  0000              RAMBANK 0 @BITDATASEC, @BITDATASEC1
  64  0000              @HCCINIT	.section 'data'
  65  0000              @HCCINIT0	.section 'data'
  66  0000              @BITDATASEC	 .section 'data'
  67  0000              @BITDATASEC1	 .section 'data'
  68  0000              
  69  0000              #pragma debug scope 1 1
  70  0000              	extern __DELAY3:near
  71  0000              	extern __DELAYX3:near
  72  0000              	extern __DELAYX6:near
  73  0000              	extern __DELAYY5:near
  74  0000              	extern __DELAYY3:near
  75  0000              	extern _builtin_holtek_delay_2:byte
  76  0000              public _main
  77  0000              #pragma debug scope 2 1

   6  0000              #line 6 "C:\Users\jaden\Documents\HTK_Project\HT66F2390_uart_sample\HT66F2390_uart_sample.c"
   6  0000              IFDEF WITH_DEFAULT_STARTUP
   6  0000              extern _main_initial0:near
   6  0000              extern _main_startup:near
   6  0000              ENDIF
   6  0000              
   6  0000              ROMBANK 0 @start
   6  0000              @start .section com_l 'code'
   6  0000              _main_startup1:
   6  0000              @start .section com_e 'code'
   6  0000  0F00     R  	mov a,bank _main
   6  0001  008B        	mov bp,a
   6  0002  2800     R  	jmp _main
   6  0003              
   6  0000              _main .section 'code'
   6  0000              _main proc
   7  0000              #line 7 "C:\Users\jaden\Documents\HTK_Project\HT66F2390_uart_sample\HT66F2390_uart_sample.c"
   7  0000              	fcall _uart_init
   7  0007              _L2:
  10  0007              #line 10 "C:\Users\jaden\Documents\HTK_Project\HT66F2390_uart_sample\HT66F2390_uart_sample.c"
  10  0007              	fcall _uart_receive
  10  000E  2800     R  	jmp _L2
  10  000F  2800     R  	jmp $
  10  0010              _main endp
  10  0010              
  10  0010              @dummy endp
  10  0010              
  10  0010              #line 10 "C:\Users\jaden\Documents\HTK_Project\HT66F2390_uart_sample\HT66F2390_uart_sample.c"
  10  0010              #pragma debug scope 1 1
   6  0010              #line 6 "C:\Users\jaden\Documents\HTK_Project\HT66F2390_uart_sample\HT66F2390_uart_sample.c"
   6  0000              @code .section at 0 'code'
   6  0000  1F0B        	clr bp
   6  0001  2800     R  	jmp _main_startup1
   6  0002              
   6  0002              extern _uart_init:near
   6  0002              extern _uart_receive:near
   6  0002              
   6  0002              ; 
   6  0002              ; Generated by holtek-gcc v3.19, Thu Sep 08 09:48:53 2022
   6  0002              ; Rebuild 718
   6  0002              ; end of file
"File: HT66F2390_uart_sample.c  Assembler  Version HGASM0202      Page 3



        0 Errors, 0